The target system is: Linux -  - arm64
The host system is: Linux - 5.8.0-53-generic - x86_64
Compiling the CXX compiler identification source file "CMakeCXXCompilerId.cpp" succeeded.
Compiler: /usr/bin/aarch64-linux-gnu-g++ 
Build flags: 
Id flags:  

The output was:
0


Compilation of the CXX compiler identification source "CMakeCXXCompilerId.cpp" produced "a.out"

The CXX compiler identification is GNU, found in "/home/frank/PineScope/cmake-build/CMakeFiles/3.16.3/CompilerIdCXX/a.out"

Determining if the CXX compiler works passed with the following output:
Change Dir: /home/frank/PineScope/cmake-build/CMakeFiles/CMakeTmp

Run Build Command(s):/usr/bin/make cmTC_7a791/fast && /usr/bin/make -f CMakeFiles/cmTC_7a791.dir/build.make CMakeFiles/cmTC_7a791.dir/build
make[1]: Entering directory '/home/frank/PineScope/cmake-build/CMakeFiles/CMakeTmp'
Building CXX object CMakeFiles/cmTC_7a791.dir/testCXXCompiler.cxx.o
/usr/bin/aarch64-linux-gnu-g++ --sysroot=/home/frank/pine-sysroot     -o CMakeFiles/cmTC_7a791.dir/testCXXCompiler.cxx.o -c /home/frank/PineScope/cmake-build/CMakeFiles/CMakeTmp/testCXXCompiler.cxx
Linking CXX executable cmTC_7a791
/usr/bin/cmake -E cmake_link_script CMakeFiles/cmTC_7a791.dir/link.txt --verbose=1
/usr/bin/aarch64-linux-gnu-g++ --sysroot=/home/frank/pine-sysroot       CMakeFiles/cmTC_7a791.dir/testCXXCompiler.cxx.o  -o cmTC_7a791 
make[1]: Leaving directory '/home/frank/PineScope/cmake-build/CMakeFiles/CMakeTmp'



Detecting CXX compiler ABI info compiled with the following output:
Change Dir: /home/frank/PineScope/cmake-build/CMakeFiles/CMakeTmp

Run Build Command(s):/usr/bin/make cmTC_27b8d/fast && /usr/bin/make -f CMakeFiles/cmTC_27b8d.dir/build.make CMakeFiles/cmTC_27b8d.dir/build
make[1]: Entering directory '/home/frank/PineScope/cmake-build/CMakeFiles/CMakeTmp'
Building CXX object CMakeFiles/cmTC_27b8d.dir/CMakeCXXCompilerABI.cpp.o
/usr/bin/aarch64-linux-gnu-g++ --sysroot=/home/frank/pine-sysroot    -v -o CMakeFiles/cmTC_27b8d.dir/CMakeCXXCompilerABI.cpp.o -c /usr/share/cmake-3.16/Modules/CMakeCXXCompilerABI.cpp
Using built-in specs.
COLLECT_GCC=/usr/bin/aarch64-linux-gnu-g++
Target: aarch64-linux-gnu
Configured with: ../src/configure -v --with-pkgversion='Ubuntu 9.3.0-17ubuntu1~20.04' --with-bugurl=file:///usr/share/doc/gcc-9/README.Bugs --enable-languages=c,ada,c++,go,d,fortran,objc,obj-c++,gm2 --prefix=/usr --with-gcc-major-version-only --program-suffix=-9 --enable-shared --enable-linker-build-id --libexecdir=/usr/lib --without-included-gettext --enable-threads=posix --libdir=/usr/lib --enable-nls --with-sysroot=/ --enable-clocale=gnu --enable-libstdcxx-debug --enable-libstdcxx-time=yes --with-default-libstdcxx-abi=new --enable-gnu-unique-object --disable-libquadmath --disable-libquadmath-support --enable-plugin --enable-default-pie --with-system-zlib --without-target-system-zlib --enable-libpth-m2 --enable-multiarch --enable-fix-cortex-a53-843419 --disable-werror --enable-checking=release --build=x86_64-linux-gnu --host=x86_64-linux-gnu --target=aarch64-linux-gnu --program-prefix=aarch64-linux-gnu- --includedir=/usr/aarch64-linux-gnu/include
Thread model: posix
gcc version 9.3.0 (Ubuntu 9.3.0-17ubuntu1~20.04) 
COLLECT_GCC_OPTIONS='-v' '-o' 'CMakeFiles/cmTC_27b8d.dir/CMakeCXXCompilerABI.cpp.o' '-c' '-shared-libgcc' '-mlittle-endian' '-mabi=lp64'
 /usr/lib/gcc-cross/aarch64-linux-gnu/9/cc1plus -quiet -v -imultiarch aarch64-linux-gnu -isysroot /home/frank/pine-sysroot -D_GNU_SOURCE /usr/share/cmake-3.16/Modules/CMakeCXXCompilerABI.cpp -quiet -dumpbase CMakeCXXCompilerABI.cpp -mlittle-endian -mabi=lp64 -auxbase-strip CMakeFiles/cmTC_27b8d.dir/CMakeCXXCompilerABI.cpp.o -version -fasynchronous-unwind-tables -fstack-protector-strong -Wformat -Wformat-security -fstack-clash-protection -o /tmp/ccM5GopN.s
GNU C++14 (Ubuntu 9.3.0-17ubuntu1~20.04) version 9.3.0 (aarch64-linux-gnu)
	compiled by GNU C version 9.3.0, GMP version 6.2.0, MPFR version 4.0.2, MPC version 1.1.0, isl version isl-0.22.1-GMP

GGC heuristics: --param ggc-min-expand=100 --param ggc-min-heapsize=131072
ignoring nonexistent directory "/home/frank/pine-sysroot/usr/local/include/aarch64-linux-gnu"
ignoring nonexistent directory "/usr/lib/gcc-cross/aarch64-linux-gnu/9/include-fixed"
ignoring nonexistent directory "/home/frank/pine-sysroot/usr/include/aarch64-linux-gnu"
#include "..." search starts here:
#include <...> search starts here:
 /usr/lib/gcc-cross/aarch64-linux-gnu/9/../../../../aarch64-linux-gnu/include/c++/9
 /usr/lib/gcc-cross/aarch64-linux-gnu/9/../../../../aarch64-linux-gnu/include/c++/9/aarch64-linux-gnu
 /usr/lib/gcc-cross/aarch64-linux-gnu/9/../../../../aarch64-linux-gnu/include/c++/9/backward
 /usr/lib/gcc-cross/aarch64-linux-gnu/9/include
 /usr/lib/gcc-cross/aarch64-linux-gnu/9/../../../../aarch64-linux-gnu/include
 /home/frank/pine-sysroot/usr/include
End of search list.
GNU C++14 (Ubuntu 9.3.0-17ubuntu1~20.04) version 9.3.0 (aarch64-linux-gnu)
	compiled by GNU C version 9.3.0, GMP version 6.2.0, MPFR version 4.0.2, MPC version 1.1.0, isl version isl-0.22.1-GMP

GGC heuristics: --param ggc-min-expand=100 --param ggc-min-heapsize=131072
Compiler executable checksum: 9e5b7da3f35acddc419404732a79c07f
COLLECT_GCC_OPTIONS='-v' '-o' 'CMakeFiles/cmTC_27b8d.dir/CMakeCXXCompilerABI.cpp.o' '-c' '-shared-libgcc' '-mlittle-endian' '-mabi=lp64'
 /usr/lib/gcc-cross/aarch64-linux-gnu/9/../../../../aarch64-linux-gnu/bin/as -v -EL -mabi=lp64 -o CMakeFiles/cmTC_27b8d.dir/CMakeCXXCompilerABI.cpp.o /tmp/ccM5GopN.s
GNU assembler version 2.34 (aarch64-linux-gnu) using BFD version (GNU Binutils for Ubuntu) 2.34
COMPILER_PATH=/usr/lib/gcc-cross/aarch64-linux-gnu/9/:/usr/lib/gcc-cross/aarch64-linux-gnu/9/:/usr/lib/gcc-cross/aarch64-linux-gnu/:/usr/lib/gcc-cross/aarch64-linux-gnu/9/:/usr/lib/gcc-cross/aarch64-linux-gnu/:/usr/lib/gcc-cross/aarch64-linux-gnu/9/../../../../aarch64-linux-gnu/bin/
LIBRARY_PATH=/usr/lib/gcc-cross/aarch64-linux-gnu/9/:/usr/lib/gcc-cross/aarch64-linux-gnu/9/../../../../aarch64-linux-gnu/lib/../lib/:/home/frank/pine-sysroot/lib/../lib/:/home/frank/pine-sysroot/usr/lib/../lib/:/usr/lib/gcc-cross/aarch64-linux-gnu/9/../../../../aarch64-linux-gnu/lib/:/home/frank/pine-sysroot/lib/:/home/frank/pine-sysroot/usr/lib/
COLLECT_GCC_OPTIONS='-v' '-o' 'CMakeFiles/cmTC_27b8d.dir/CMakeCXXCompilerABI.cpp.o' '-c' '-shared-libgcc' '-mlittle-endian' '-mabi=lp64'
Linking CXX executable cmTC_27b8d
/usr/bin/cmake -E cmake_link_script CMakeFiles/cmTC_27b8d.dir/link.txt --verbose=1
/usr/bin/aarch64-linux-gnu-g++ --sysroot=/home/frank/pine-sysroot      -v CMakeFiles/cmTC_27b8d.dir/CMakeCXXCompilerABI.cpp.o  -o cmTC_27b8d 
Using built-in specs.
COLLECT_GCC=/usr/bin/aarch64-linux-gnu-g++
COLLECT_LTO_WRAPPER=/usr/lib/gcc-cross/aarch64-linux-gnu/9/lto-wrapper
Target: aarch64-linux-gnu
Configured with: ../src/configure -v --with-pkgversion='Ubuntu 9.3.0-17ubuntu1~20.04' --with-bugurl=file:///usr/share/doc/gcc-9/README.Bugs --enable-languages=c,ada,c++,go,d,fortran,objc,obj-c++,gm2 --prefix=/usr --with-gcc-major-version-only --program-suffix=-9 --enable-shared --enable-linker-build-id --libexecdir=/usr/lib --without-included-gettext --enable-threads=posix --libdir=/usr/lib --enable-nls --with-sysroot=/ --enable-clocale=gnu --enable-libstdcxx-debug --enable-libstdcxx-time=yes --with-default-libstdcxx-abi=new --enable-gnu-unique-object --disable-libquadmath --disable-libquadmath-support --enable-plugin --enable-default-pie --with-system-zlib --without-target-system-zlib --enable-libpth-m2 --enable-multiarch --enable-fix-cortex-a53-843419 --disable-werror --enable-checking=release --build=x86_64-linux-gnu --host=x86_64-linux-gnu --target=aarch64-linux-gnu --program-prefix=aarch64-linux-gnu- --includedir=/usr/aarch64-linux-gnu/include
Thread model: posix
gcc version 9.3.0 (Ubuntu 9.3.0-17ubuntu1~20.04) 
COMPILER_PATH=/usr/lib/gcc-cross/aarch64-linux-gnu/9/:/usr/lib/gcc-cross/aarch64-linux-gnu/9/:/usr/lib/gcc-cross/aarch64-linux-gnu/:/usr/lib/gcc-cross/aarch64-linux-gnu/9/:/usr/lib/gcc-cross/aarch64-linux-gnu/:/usr/lib/gcc-cross/aarch64-linux-gnu/9/../../../../aarch64-linux-gnu/bin/
LIBRARY_PATH=/usr/lib/gcc-cross/aarch64-linux-gnu/9/:/usr/lib/gcc-cross/aarch64-linux-gnu/9/../../../../aarch64-linux-gnu/lib/../lib/:/home/frank/pine-sysroot/lib/../lib/:/home/frank/pine-sysroot/usr/lib/../lib/:/usr/lib/gcc-cross/aarch64-linux-gnu/9/../../../../aarch64-linux-gnu/lib/:/home/frank/pine-sysroot/lib/:/home/frank/pine-sysroot/usr/lib/
COLLECT_GCC_OPTIONS='-v' '-o' 'cmTC_27b8d' '-shared-libgcc' '-mlittle-endian' '-mabi=lp64'
 /usr/lib/gcc-cross/aarch64-linux-gnu/9/collect2 -plugin /usr/lib/gcc-cross/aarch64-linux-gnu/9/liblto_plugin.so -plugin-opt=/usr/lib/gcc-cross/aarch64-linux-gnu/9/lto-wrapper -plugin-opt=-fresolution=/tmp/cc178arg.res -plugin-opt=-pass-through=-lgcc_s -plugin-opt=-pass-through=-lgcc -plugin-opt=-pass-through=-lc -plugin-opt=-pass-through=-lgcc_s -plugin-opt=-pass-through=-lgcc --sysroot=/home/frank/pine-sysroot --build-id --eh-frame-hdr --hash-style=gnu --as-needed -dynamic-linker /lib/ld-linux-aarch64.so.1 -X -EL -maarch64linux --fix-cortex-a53-843419 -pie -z now -z relro -o cmTC_27b8d /usr/lib/gcc-cross/aarch64-linux-gnu/9/../../../../aarch64-linux-gnu/lib/../lib/Scrt1.o /usr/lib/gcc-cross/aarch64-linux-gnu/9/../../../../aarch64-linux-gnu/lib/../lib/crti.o /usr/lib/gcc-cross/aarch64-linux-gnu/9/crtbeginS.o -L/usr/lib/gcc-cross/aarch64-linux-gnu/9 -L/usr/lib/gcc-cross/aarch64-linux-gnu/9/../../../../aarch64-linux-gnu/lib/../lib -L/home/frank/pine-sysroot/lib/../lib -L/home/frank/pine-sysroot/usr/lib/../lib -L/usr/lib/gcc-cross/aarch64-linux-gnu/9/../../../../aarch64-linux-gnu/lib -L/home/frank/pine-sysroot/lib -L/home/frank/pine-sysroot/usr/lib CMakeFiles/cmTC_27b8d.dir/CMakeCXXCompilerABI.cpp.o -lstdc++ -lm -lgcc_s -lgcc -lc -lgcc_s -lgcc /usr/lib/gcc-cross/aarch64-linux-gnu/9/crtendS.o /usr/lib/gcc-cross/aarch64-linux-gnu/9/../../../../aarch64-linux-gnu/lib/../lib/crtn.o
COLLECT_GCC_OPTIONS='-v' '-o' 'cmTC_27b8d' '-shared-libgcc' '-mlittle-endian' '-mabi=lp64'
make[1]: Leaving directory '/home/frank/PineScope/cmake-build/CMakeFiles/CMakeTmp'



Parsed CXX implicit include dir info from above output: rv=done
  found start of include info
  found start of implicit include info
    add: [/usr/lib/gcc-cross/aarch64-linux-gnu/9/../../../../aarch64-linux-gnu/include/c++/9]
    add: [/usr/lib/gcc-cross/aarch64-linux-gnu/9/../../../../aarch64-linux-gnu/include/c++/9/aarch64-linux-gnu]
    add: [/usr/lib/gcc-cross/aarch64-linux-gnu/9/../../../../aarch64-linux-gnu/include/c++/9/backward]
    add: [/usr/lib/gcc-cross/aarch64-linux-gnu/9/include]
    add: [/usr/lib/gcc-cross/aarch64-linux-gnu/9/../../../../aarch64-linux-gnu/include]
    add: [/home/frank/pine-sysroot/usr/include]
  end of search list found
  collapse include dir [/usr/lib/gcc-cross/aarch64-linux-gnu/9/../../../../aarch64-linux-gnu/include/c++/9] ==> [/usr/aarch64-linux-gnu/include/c++/9]
  collapse include dir [/usr/lib/gcc-cross/aarch64-linux-gnu/9/../../../../aarch64-linux-gnu/include/c++/9/aarch64-linux-gnu] ==> [/usr/aarch64-linux-gnu/include/c++/9/aarch64-linux-gnu]
  collapse include dir [/usr/lib/gcc-cross/aarch64-linux-gnu/9/../../../../aarch64-linux-gnu/include/c++/9/backward] ==> [/usr/aarch64-linux-gnu/include/c++/9/backward]
  collapse include dir [/usr/lib/gcc-cross/aarch64-linux-gnu/9/include] ==> [/usr/lib/gcc-cross/aarch64-linux-gnu/9/include]
  collapse include dir [/usr/lib/gcc-cross/aarch64-linux-gnu/9/../../../../aarch64-linux-gnu/include] ==> [/usr/aarch64-linux-gnu/include]
  collapse include dir [/home/frank/pine-sysroot/usr/include] ==> [/home/frank/pine-sysroot/usr/include]
  implicit include dirs: [/usr/aarch64-linux-gnu/include/c++/9;/usr/aarch64-linux-gnu/include/c++/9/aarch64-linux-gnu;/usr/aarch64-linux-gnu/include/c++/9/backward;/usr/lib/gcc-cross/aarch64-linux-gnu/9/include;/usr/aarch64-linux-gnu/include;/home/frank/pine-sysroot/usr/include]


Parsed CXX implicit link information from above output:
  link line regex: [^( *|.*[/\])(aarch64-linux-gnu-ld|CMAKE_LINK_STARTFILE-NOTFOUND|([^/\]+-)?ld|collect2)[^/\]*( |$)]
  ignore line: [Change Dir: /home/frank/PineScope/cmake-build/CMakeFiles/CMakeTmp]
  ignore line: []
  ignore line: [Run Build Command(s):/usr/bin/make cmTC_27b8d/fast && /usr/bin/make -f CMakeFiles/cmTC_27b8d.dir/build.make CMakeFiles/cmTC_27b8d.dir/build]
  ignore line: [make[1]: Entering directory '/home/frank/PineScope/cmake-build/CMakeFiles/CMakeTmp']
  ignore line: [Building CXX object CMakeFiles/cmTC_27b8d.dir/CMakeCXXCompilerABI.cpp.o]
  ignore line: [/usr/bin/aarch64-linux-gnu-g++ --sysroot=/home/frank/pine-sysroot    -v -o CMakeFiles/cmTC_27b8d.dir/CMakeCXXCompilerABI.cpp.o -c /usr/share/cmake-3.16/Modules/CMakeCXXCompilerABI.cpp]
  ignore line: [Using built-in specs.]
  ignore line: [COLLECT_GCC=/usr/bin/aarch64-linux-gnu-g++]
  ignore line: [Target: aarch64-linux-gnu]
  ignore line: [Configured with: ../src/configure -v --with-pkgversion='Ubuntu 9.3.0-17ubuntu1~20.04' --with-bugurl=file:///usr/share/doc/gcc-9/README.Bugs --enable-languages=c ada c++ go d fortran objc obj-c++ gm2 --prefix=/usr --with-gcc-major-version-only --program-suffix=-9 --enable-shared --enable-linker-build-id --libexecdir=/usr/lib --without-included-gettext --enable-threads=posix --libdir=/usr/lib --enable-nls --with-sysroot=/ --enable-clocale=gnu --enable-libstdcxx-debug --enable-libstdcxx-time=yes --with-default-libstdcxx-abi=new --enable-gnu-unique-object --disable-libquadmath --disable-libquadmath-support --enable-plugin --enable-default-pie --with-system-zlib --without-target-system-zlib --enable-libpth-m2 --enable-multiarch --enable-fix-cortex-a53-843419 --disable-werror --enable-checking=release --build=x86_64-linux-gnu --host=x86_64-linux-gnu --target=aarch64-linux-gnu --program-prefix=aarch64-linux-gnu- --includedir=/usr/aarch64-linux-gnu/include]
  ignore line: [Thread model: posix]
  ignore line: [gcc version 9.3.0 (Ubuntu 9.3.0-17ubuntu1~20.04) ]
  ignore line: [COLLECT_GCC_OPTIONS='-v' '-o' 'CMakeFiles/cmTC_27b8d.dir/CMakeCXXCompilerABI.cpp.o' '-c' '-shared-libgcc' '-mlittle-endian' '-mabi=lp64']
  ignore line: [ /usr/lib/gcc-cross/aarch64-linux-gnu/9/cc1plus -quiet -v -imultiarch aarch64-linux-gnu -isysroot /home/frank/pine-sysroot -D_GNU_SOURCE /usr/share/cmake-3.16/Modules/CMakeCXXCompilerABI.cpp -quiet -dumpbase CMakeCXXCompilerABI.cpp -mlittle-endian -mabi=lp64 -auxbase-strip CMakeFiles/cmTC_27b8d.dir/CMakeCXXCompilerABI.cpp.o -version -fasynchronous-unwind-tables -fstack-protector-strong -Wformat -Wformat-security -fstack-clash-protection -o /tmp/ccM5GopN.s]
  ignore line: [GNU C++14 (Ubuntu 9.3.0-17ubuntu1~20.04) version 9.3.0 (aarch64-linux-gnu)]
  ignore line: [	compiled by GNU C version 9.3.0  GMP version 6.2.0  MPFR version 4.0.2  MPC version 1.1.0  isl version isl-0.22.1-GMP]
  ignore line: []
  ignore line: [GGC heuristics: --param ggc-min-expand=100 --param ggc-min-heapsize=131072]
  ignore line: [ignoring nonexistent directory "/home/frank/pine-sysroot/usr/local/include/aarch64-linux-gnu"]
  ignore line: [ignoring nonexistent directory "/usr/lib/gcc-cross/aarch64-linux-gnu/9/include-fixed"]
  ignore line: [ignoring nonexistent directory "/home/frank/pine-sysroot/usr/include/aarch64-linux-gnu"]
  ignore line: [#include "..." search starts here:]
  ignore line: [#include <...> search starts here:]
  ignore line: [ /usr/lib/gcc-cross/aarch64-linux-gnu/9/../../../../aarch64-linux-gnu/include/c++/9]
  ignore line: [ /usr/lib/gcc-cross/aarch64-linux-gnu/9/../../../../aarch64-linux-gnu/include/c++/9/aarch64-linux-gnu]
  ignore line: [ /usr/lib/gcc-cross/aarch64-linux-gnu/9/../../../../aarch64-linux-gnu/include/c++/9/backward]
  ignore line: [ /usr/lib/gcc-cross/aarch64-linux-gnu/9/include]
  ignore line: [ /usr/lib/gcc-cross/aarch64-linux-gnu/9/../../../../aarch64-linux-gnu/include]
  ignore line: [ /home/frank/pine-sysroot/usr/include]
  ignore line: [End of search list.]
  ignore line: [GNU C++14 (Ubuntu 9.3.0-17ubuntu1~20.04) version 9.3.0 (aarch64-linux-gnu)]
  ignore line: [	compiled by GNU C version 9.3.0  GMP version 6.2.0  MPFR version 4.0.2  MPC version 1.1.0  isl version isl-0.22.1-GMP]
  ignore line: []
  ignore line: [GGC heuristics: --param ggc-min-expand=100 --param ggc-min-heapsize=131072]
  ignore line: [Compiler executable checksum: 9e5b7da3f35acddc419404732a79c07f]
  ignore line: [COLLECT_GCC_OPTIONS='-v' '-o' 'CMakeFiles/cmTC_27b8d.dir/CMakeCXXCompilerABI.cpp.o' '-c' '-shared-libgcc' '-mlittle-endian' '-mabi=lp64']
  ignore line: [ /usr/lib/gcc-cross/aarch64-linux-gnu/9/../../../../aarch64-linux-gnu/bin/as -v -EL -mabi=lp64 -o CMakeFiles/cmTC_27b8d.dir/CMakeCXXCompilerABI.cpp.o /tmp/ccM5GopN.s]
  ignore line: [GNU assembler version 2.34 (aarch64-linux-gnu) using BFD version (GNU Binutils for Ubuntu) 2.34]
  ignore line: [COMPILER_PATH=/usr/lib/gcc-cross/aarch64-linux-gnu/9/:/usr/lib/gcc-cross/aarch64-linux-gnu/9/:/usr/lib/gcc-cross/aarch64-linux-gnu/:/usr/lib/gcc-cross/aarch64-linux-gnu/9/:/usr/lib/gcc-cross/aarch64-linux-gnu/:/usr/lib/gcc-cross/aarch64-linux-gnu/9/../../../../aarch64-linux-gnu/bin/]
  ignore line: [LIBRARY_PATH=/usr/lib/gcc-cross/aarch64-linux-gnu/9/:/usr/lib/gcc-cross/aarch64-linux-gnu/9/../../../../aarch64-linux-gnu/lib/../lib/:/home/frank/pine-sysroot/lib/../lib/:/home/frank/pine-sysroot/usr/lib/../lib/:/usr/lib/gcc-cross/aarch64-linux-gnu/9/../../../../aarch64-linux-gnu/lib/:/home/frank/pine-sysroot/lib/:/home/frank/pine-sysroot/usr/lib/]
  ignore line: [COLLECT_GCC_OPTIONS='-v' '-o' 'CMakeFiles/cmTC_27b8d.dir/CMakeCXXCompilerABI.cpp.o' '-c' '-shared-libgcc' '-mlittle-endian' '-mabi=lp64']
  ignore line: [Linking CXX executable cmTC_27b8d]
  ignore line: [/usr/bin/cmake -E cmake_link_script CMakeFiles/cmTC_27b8d.dir/link.txt --verbose=1]
  ignore line: [/usr/bin/aarch64-linux-gnu-g++ --sysroot=/home/frank/pine-sysroot      -v CMakeFiles/cmTC_27b8d.dir/CMakeCXXCompilerABI.cpp.o  -o cmTC_27b8d ]
  ignore line: [Using built-in specs.]
  ignore line: [COLLECT_GCC=/usr/bin/aarch64-linux-gnu-g++]
  ignore line: [COLLECT_LTO_WRAPPER=/usr/lib/gcc-cross/aarch64-linux-gnu/9/lto-wrapper]
  ignore line: [Target: aarch64-linux-gnu]
  ignore line: [Configured with: ../src/configure -v --with-pkgversion='Ubuntu 9.3.0-17ubuntu1~20.04' --with-bugurl=file:///usr/share/doc/gcc-9/README.Bugs --enable-languages=c ada c++ go d fortran objc obj-c++ gm2 --prefix=/usr --with-gcc-major-version-only --program-suffix=-9 --enable-shared --enable-linker-build-id --libexecdir=/usr/lib --without-included-gettext --enable-threads=posix --libdir=/usr/lib --enable-nls --with-sysroot=/ --enable-clocale=gnu --enable-libstdcxx-debug --enable-libstdcxx-time=yes --with-default-libstdcxx-abi=new --enable-gnu-unique-object --disable-libquadmath --disable-libquadmath-support --enable-plugin --enable-default-pie --with-system-zlib --without-target-system-zlib --enable-libpth-m2 --enable-multiarch --enable-fix-cortex-a53-843419 --disable-werror --enable-checking=release --build=x86_64-linux-gnu --host=x86_64-linux-gnu --target=aarch64-linux-gnu --program-prefix=aarch64-linux-gnu- --includedir=/usr/aarch64-linux-gnu/include]
  ignore line: [Thread model: posix]
  ignore line: [gcc version 9.3.0 (Ubuntu 9.3.0-17ubuntu1~20.04) ]
  ignore line: [COMPILER_PATH=/usr/lib/gcc-cross/aarch64-linux-gnu/9/:/usr/lib/gcc-cross/aarch64-linux-gnu/9/:/usr/lib/gcc-cross/aarch64-linux-gnu/:/usr/lib/gcc-cross/aarch64-linux-gnu/9/:/usr/lib/gcc-cross/aarch64-linux-gnu/:/usr/lib/gcc-cross/aarch64-linux-gnu/9/../../../../aarch64-linux-gnu/bin/]
  ignore line: [LIBRARY_PATH=/usr/lib/gcc-cross/aarch64-linux-gnu/9/:/usr/lib/gcc-cross/aarch64-linux-gnu/9/../../../../aarch64-linux-gnu/lib/../lib/:/home/frank/pine-sysroot/lib/../lib/:/home/frank/pine-sysroot/usr/lib/../lib/:/usr/lib/gcc-cross/aarch64-linux-gnu/9/../../../../aarch64-linux-gnu/lib/:/home/frank/pine-sysroot/lib/:/home/frank/pine-sysroot/usr/lib/]
  ignore line: [COLLECT_GCC_OPTIONS='-v' '-o' 'cmTC_27b8d' '-shared-libgcc' '-mlittle-endian' '-mabi=lp64']
  link line: [ /usr/lib/gcc-cross/aarch64-linux-gnu/9/collect2 -plugin /usr/lib/gcc-cross/aarch64-linux-gnu/9/liblto_plugin.so -plugin-opt=/usr/lib/gcc-cross/aarch64-linux-gnu/9/lto-wrapper -plugin-opt=-fresolution=/tmp/cc178arg.res -plugin-opt=-pass-through=-lgcc_s -plugin-opt=-pass-through=-lgcc -plugin-opt=-pass-through=-lc -plugin-opt=-pass-through=-lgcc_s -plugin-opt=-pass-through=-lgcc --sysroot=/home/frank/pine-sysroot --build-id --eh-frame-hdr --hash-style=gnu --as-needed -dynamic-linker /lib/ld-linux-aarch64.so.1 -X -EL -maarch64linux --fix-cortex-a53-843419 -pie -z now -z relro -o cmTC_27b8d /usr/lib/gcc-cross/aarch64-linux-gnu/9/../../../../aarch64-linux-gnu/lib/../lib/Scrt1.o /usr/lib/gcc-cross/aarch64-linux-gnu/9/../../../../aarch64-linux-gnu/lib/../lib/crti.o /usr/lib/gcc-cross/aarch64-linux-gnu/9/crtbeginS.o -L/usr/lib/gcc-cross/aarch64-linux-gnu/9 -L/usr/lib/gcc-cross/aarch64-linux-gnu/9/../../../../aarch64-linux-gnu/lib/../lib -L/home/frank/pine-sysroot/lib/../lib -L/home/frank/pine-sysroot/usr/lib/../lib -L/usr/lib/gcc-cross/aarch64-linux-gnu/9/../../../../aarch64-linux-gnu/lib -L/home/frank/pine-sysroot/lib -L/home/frank/pine-sysroot/usr/lib CMakeFiles/cmTC_27b8d.dir/CMakeCXXCompilerABI.cpp.o -lstdc++ -lm -lgcc_s -lgcc -lc -lgcc_s -lgcc /usr/lib/gcc-cross/aarch64-linux-gnu/9/crtendS.o /usr/lib/gcc-cross/aarch64-linux-gnu/9/../../../../aarch64-linux-gnu/lib/../lib/crtn.o]
    arg [/usr/lib/gcc-cross/aarch64-linux-gnu/9/collect2] ==> ignore
    arg [-plugin] ==> ignore
    arg [/usr/lib/gcc-cross/aarch64-linux-gnu/9/liblto_plugin.so] ==> ignore
    arg [-plugin-opt=/usr/lib/gcc-cross/aarch64-linux-gnu/9/lto-wrapper] ==> ignore
    arg [-plugin-opt=-fresolution=/tmp/cc178arg.res] ==> ignore
    arg [-plugin-opt=-pass-through=-lgcc_s] ==> ignore
    arg [-plugin-opt=-pass-through=-lgcc] ==> ignore
    arg [-plugin-opt=-pass-through=-lc] ==> ignore
    arg [-plugin-opt=-pass-through=-lgcc_s] ==> ignore
    arg [-plugin-opt=-pass-through=-lgcc] ==> ignore
    arg [--sysroot=/home/frank/pine-sysroot] ==> ignore
    arg [--build-id] ==> ignore
    arg [--eh-frame-hdr] ==> ignore
    arg [--hash-style=gnu] ==> ignore
    arg [--as-needed] ==> ignore
    arg [-dynamic-linker] ==> ignore
    arg [/lib/ld-linux-aarch64.so.1] ==> ignore
    arg [-X] ==> ignore
    arg [-EL] ==> ignore
    arg [-maarch64linux] ==> ignore
    arg [--fix-cortex-a53-843419] ==> ignore
    arg [-pie] ==> ignore
    arg [-znow] ==> ignore
    arg [-zrelro] ==> ignore
    arg [-o] ==> ignore
    arg [cmTC_27b8d] ==> ignore
    arg [/usr/lib/gcc-cross/aarch64-linux-gnu/9/../../../../aarch64-linux-gnu/lib/../lib/Scrt1.o] ==> ignore
    arg [/usr/lib/gcc-cross/aarch64-linux-gnu/9/../../../../aarch64-linux-gnu/lib/../lib/crti.o] ==> ignore
    arg [/usr/lib/gcc-cross/aarch64-linux-gnu/9/crtbeginS.o] ==> ignore
    arg [-L/usr/lib/gcc-cross/aarch64-linux-gnu/9] ==> dir [/usr/lib/gcc-cross/aarch64-linux-gnu/9]
    arg [-L/usr/lib/gcc-cross/aarch64-linux-gnu/9/../../../../aarch64-linux-gnu/lib/../lib] ==> dir [/usr/lib/gcc-cross/aarch64-linux-gnu/9/../../../../aarch64-linux-gnu/lib/../lib]
    arg [-L/home/frank/pine-sysroot/lib/../lib] ==> dir [/home/frank/pine-sysroot/lib/../lib]
    arg [-L/home/frank/pine-sysroot/usr/lib/../lib] ==> dir [/home/frank/pine-sysroot/usr/lib/../lib]
    arg [-L/usr/lib/gcc-cross/aarch64-linux-gnu/9/../../../../aarch64-linux-gnu/lib] ==> dir [/usr/lib/gcc-cross/aarch64-linux-gnu/9/../../../../aarch64-linux-gnu/lib]
    arg [-L/home/frank/pine-sysroot/lib] ==> dir [/home/frank/pine-sysroot/lib]
    arg [-L/home/frank/pine-sysroot/usr/lib] ==> dir [/home/frank/pine-sysroot/usr/lib]
    arg [CMakeFiles/cmTC_27b8d.dir/CMakeCXXCompilerABI.cpp.o] ==> ignore
    arg [-lstdc++] ==> lib [stdc++]
    arg [-lm] ==> lib [m]
    arg [-lgcc_s] ==> lib [gcc_s]
    arg [-lgcc] ==> lib [gcc]
    arg [-lc] ==> lib [c]
    arg [-lgcc_s] ==> lib [gcc_s]
    arg [-lgcc] ==> lib [gcc]
    arg [/usr/lib/gcc-cross/aarch64-linux-gnu/9/crtendS.o] ==> ignore
    arg [/usr/lib/gcc-cross/aarch64-linux-gnu/9/../../../../aarch64-linux-gnu/lib/../lib/crtn.o] ==> ignore
  collapse library dir [/usr/lib/gcc-cross/aarch64-linux-gnu/9] ==> [/usr/lib/gcc-cross/aarch64-linux-gnu/9]
  collapse library dir [/usr/lib/gcc-cross/aarch64-linux-gnu/9/../../../../aarch64-linux-gnu/lib/../lib] ==> [/usr/aarch64-linux-gnu/lib]
  collapse library dir [/home/frank/pine-sysroot/lib/../lib] ==> [/home/frank/pine-sysroot/lib]
  collapse library dir [/home/frank/pine-sysroot/usr/lib/../lib] ==> [/home/frank/pine-sysroot/usr/lib]
  collapse library dir [/usr/lib/gcc-cross/aarch64-linux-gnu/9/../../../../aarch64-linux-gnu/lib] ==> [/usr/aarch64-linux-gnu/lib]
  collapse library dir [/home/frank/pine-sysroot/lib] ==> [/home/frank/pine-sysroot/lib]
  collapse library dir [/home/frank/pine-sysroot/usr/lib] ==> [/home/frank/pine-sysroot/usr/lib]
  implicit libs: [stdc++;m;gcc_s;gcc;c;gcc_s;gcc]
  implicit dirs: [/usr/lib/gcc-cross/aarch64-linux-gnu/9;/usr/aarch64-linux-gnu/lib;/home/frank/pine-sysroot/lib;/home/frank/pine-sysroot/usr/lib]
  implicit fwks: []


